C51 COMPILER V8.08   ASCII                                                                 12/19/2011 11:22:23 PAGE 1   


C51 COMPILER V8.08, COMPILATION OF MODULE ASCII
OBJECT MODULE PLACED IN ascii.OBJ
COMPILER INVOKED BY: C:\Keil\C51\BIN\C51.EXE ascii.c BROWSE DEBUG OBJECTEXTEND

line level    source

   1          unsigned char code number_0[16]=
   2          {0x00,0x00,0xE0,0xF0,0x18,0x08,0x18,0xF0,0x00,0x00,0x0F,0x1F,0x30,0x20,0x30,0x1F};/*"0",0*/
   3          
   4          unsigned char code number_1[16]=
   5          {0x00,0x10,0x10,0xF8,0xF8,0x00,0x00,0x00,0x00,0x20,0x20,0x3F,0x3F,0x20,0x20,0x00};/*"1",1*/
   6          
   7          unsigned char code number_2[16]=
   8          {0x00,0x70,0x78,0x08,0x08,0x88,0xF8,0x70,0x00,0x30,0x38,0x2C,0x26,0x23,0x31,0x30};/*"2",2*/
   9          
  10          unsigned char code number_3[16]=
  11          {0x00,0x30,0x38,0x88,0x88,0xC8,0x78,0x30,0x00,0x18,0x38,0x20,0x20,0x31,0x1F,0x0E};/*"3",3*/
  12          
  13          unsigned char code number_4[16]=
  14          {0x00,0x00,0xC0,0xE0,0x30,0xF8,0xF8,0x00,0x00,0x07,0x07,0x24,0x24,0x3F,0x3F,0x24};/*"4",4*/
  15          
  16          unsigned char code number_5[16]=
  17          {0x00,0xF8,0xF8,0x88,0x88,0x88,0x08,0x08,0x00,0x19,0x39,0x21,0x20,0x31,0x1F,0x0E};/*"5",5*/
  18          
  19          unsigned char code number_6[16]=
  20          {0x00,0xE0,0xF0,0x98,0x88,0x98,0x18,0x00,0x00,0x0F,0x1F,0x31,0x20,0x31,0x1F,0x0E};/*"6",6*/
  21          
  22          unsigned char code number_7[16]=
  23          {0x00,0x38,0x38,0x08,0xC8,0xF8,0x38,0x08,0x00,0x00,0x00,0x3F,0x3F,0x00,0x00,0x00};/*"7",7*/
  24          
  25          unsigned char code number_8[16]=
  26          {0x00,0x70,0xF8,0x88,0x08,0x88,0xF8,0x70,0x00,0x1C,0x3E,0x23,0x21,0x23,0x3E,0x1C};/*"8",8*/
  27          
  28          unsigned char code number_9[16]=
  29          {0x00,0xE0,0xF0,0x18,0x08,0x18,0xF0,0xE0,0x00,0x00,0x31,0x33,0x22,0x33,0x1F,0x0F};/*"9",9*/
  30          
  31          unsigned char code number_10[16]=
  32          {0x00,0x00,0x00,0xC0,0xC0,0xC0,0x00,0x00,0x00,0x00,0x00,0x30,0x30,0x30,0x00,0x00};/*":",10*/
  33          
  34          unsigned char code number_11[16]=
  35          {0x40,0x40,0xC0,0xF0,0xF0,0xC0,0x40,0x40,0x02,0x02,0x03,0x0F,0x0F,0x03,0x02,0x02};/*"*",11*/
  36          
  37          unsigned char code number_12[16]=
  38          {0x00,0x00,0x00,0x30,0x30,0x30,0x00,0x00,0x00,0x00,0x00,0x0C,0x0C,0x0C,0x00,0x00};/*":",12*/
  39          
  40          unsigned char code number_13[16]=
  41          {0x00,0x00,0x00,0x00,0x00,0x00,0x00,0x00,0x00,0x00,0x00,0x00,0x00,0x00,0x00,0x00};/*" ",13*/
  42          
  43          
  44          unsigned char code chiness_1[32]=
  45          {
  46            0x00,0x30,0x31,0xF7,0xF6,0x00,0x22,0xAA,0xAA,0xAA,0xBF,0xBF,0xAA,0xAA,0xAA,0x22,
  47            0x00,0x00,0x00,0x3F,0x3F,0x18,0x00,0x7F,0x7F,0x0A,0x0A,0x0A,0x6A,0x7F,0x3F,0x00,//"请",1
  48          };
  49          unsigned char code chiness_2[32]=
  50          {
  51            0x00,0x06,0xF6,0xF6,0xB6,0xB6,0xB6,0xFE,0xFE,0xB6,0xB6,0xF6,0xF6,0x06,0x00,0x00,
  52            0x0C,0x0C,0x7F,0x7F,0x0C,0x0C,0x0C,0x0F,0x0F,0x2C,0x6C,0x7F,0x3F,0x0C,0x0C,0x00,//"再",2
  53          };
  54          unsigned char code chiness_3[32]=
  55          {
C51 COMPILER V8.08   ASCII                                                                 12/19/2011 11:22:23 PAGE 2   

  56            0x00,0x0C,0x3C,0x30,0x40,0xF0,0x7C,0x1F,0xDB,0xD8,0x18,0x58,0x78,0x38,0x00,0x00,
  57            0x10,0x38,0x0E,0x03,0x40,0x60,0x30,0x18,0x0F,0x07,0x0C,0x18,0x30,0x60,0x20,0x00,//"次",3
  58          };
  59          unsigned char code chiness_4[32]=
  60          {
  61            0xCC,0xFC,0xBF,0xCF,0x8C,0x30,0xD8,0x4C,0xD7,0xD3,0x16,0x8C,0x18,0xD0,0xD0,0x00,
  62            0x19,0x19,0x19,0x7F,0x0D,0x00,0x7F,0x09,0x7F,0x7F,0x00,0x1F,0x40,0x7F,0x3F,0x00,//"输",4
  63          };
  64          unsigned char code chiness_5[32]=
  65          {
  66            0x00,0x00,0x00,0x00,0x02,0x02,0xC6,0xFC,0x78,0xC0,0x00,0x00,0x00,0x00,0x00,0x00,
  67            0x00,0x30,0x18,0x0C,0x06,0x03,0x01,0x00,0x00,0x01,0x07,0x0C,0x18,0x30,0x20,0x00,//"入",5
  68          };
  69          unsigned char code chiness_6[32]=
  70          {
  71            0x18,0x18,0xFF,0xFF,0x98,0x00,0x3F,0x7F,0x6C,0x6C,0x66,0x66,0x76,0x30,0x00,0x00,
  72            0x03,0x63,0x7F,0x3F,0x01,0x00,0x7F,0x7F,0x35,0x35,0x35,0x35,0x7F,0x7F,0x00,0x00,//"指",6
  73          };
  74          unsigned char code chiness_7[32]=
  75          {
  76            0x20,0x38,0xFF,0xE7,0x70,0x30,0x18,0xF8,0xF9,0x1B,0x1E,0xF8,0xF8,0x18,0x00,0x00,
  77            0x13,0x13,0x1B,0x1B,0x0B,0x69,0x60,0x31,0x1B,0x0E,0x1F,0x3B,0x30,0x60,0x60,0x00,//"纹",7
  78          };
  79          unsigned char code chiness_8[32]=
  80          {
  81            0x00,0x00,0x00,0x00,0x00,0x00,0x00,0x00,0x00,0x00,0x00,0x00,0x00,0x00,0x00,0x00,
  82            0x00,0x00,0x00,0x36,0x36,0x00,0x00,0x00,0x00,0x00,0x00,0x00,0x00,0x00,0x00,0x00,//"：",8
  83          };
  84          
  85          unsigned char code chiness_9[32]=
  86          {
  87            0x0C,0x6C,0xEC,0x8C,0xFC,0x3C,0x40,0x70,0x3F,0xCF,0xCC,0x0C,0x3C,0x3C,0x00,0x00,
  88            0x10,0x38,0x1C,0x07,0x07,0x4C,0x60,0x30,0x18,0x0F,0x07,0x0C,0x18,0x30,0x20,0x00,//"欢",9
  89          };
  90          
  91          unsigned char code chiness_10[32]=
  92          {
  93            0x60,0x66,0xEE,0xE8,0x00,0xFE,0xFE,0x07,0x03,0xFE,0xFE,0x06,0xFE,0xFE,0x00,0x00,
  94            0x40,0x60,0x3F,0x1F,0x30,0x67,0x67,0x62,0x60,0x6F,0x6F,0x62,0x67,0x67,0x60,0x00,//"迎",10
  95          };
  96          unsigned char code chiness_11[32]=
  97          {
  98            0x60,0x30,0xFC,0xFF,0x03,0x0C,0xEC,0xEC,0x2C,0xFF,0xFF,0x2C,0xEC,0xEC,0x0C,0x00,
  99            0x00,0x00,0x7F,0x7F,0x00,0x60,0x6D,0x3D,0x19,0x1F,0x37,0x31,0x61,0x61,0x20,0x00,//"使",11
 100          };
 101          unsigned char code chiness_12[32]=
 102          {
 103            0x00,0x00,0xFF,0xFF,0x33,0x33,0x33,0xFF,0xFF,0x33,0x33,0x33,0xFF,0xFF,0x00,0x00,
 104            0x40,0x70,0x3F,0x0F,0x03,0x03,0x03,0x7F,0x7F,0x03,0x03,0x63,0x7F,0x3F,0x00,0x00,//"用",12
 105          };
 106          unsigned char code chiness_13[32]=
 107          {
 108            0x00,0x00,0x00,0x00,0xFC,0xFC,0x00,0x00,0x00,0x00,0x00,0x00,0x00,0x00,0x00,0x00,
 109            0x00,0x00,0x00,0x00,0x19,0x19,0x00,0x00,0x00,0x00,0x00,0x00,0x00,0x00,0x00,0x00,//"！",13
 110          };
 111          unsigned char code chiness_14[32]=
 112          {
 113            0x00,0x00,0x66,0x7E,0x7E,0xE7,0xFF,0x7E,0x66,0x00,0xFE,0xFE,0x66,0xE6,0xE7,0x63,
 114            0x00,0x00,0x33,0x1B,0x63,0x7F,0x3F,0x0B,0x5B,0x70,0x3F,0x0F,0x00,0x7F,0x7F,0x00,//"新",14
 115          };
 116          unsigned char code chiness_15[32]=
 117          {
C51 COMPILER V8.08   ASCII                                                                 12/19/2011 11:22:23 PAGE 3   

 118            0x00,0xCE,0x6E,0x06,0x06,0xE6,0xEF,0x9F,0xD6,0x66,0xB6,0x86,0x66,0xCE,0x8E,0x00,
 119            0x00,0x06,0x06,0x7B,0x7B,0x61,0x63,0x7F,0x7F,0x63,0x63,0x7B,0x78,0x00,0x00,0x00,//密",15
 120          };
 121          unsigned char code chiness_16[32]=
 122          {
 123            0x86,0xC6,0xFE,0xFE,0xC6,0xC6,0x00,0x06,0xF6,0xF6,0x86,0x86,0xFE,0xFE,0x80,0x00,
 124            0x01,0x1F,0x1F,0x0C,0x1F,0x1F,0x00,0x0C,0x0D,0x0D,0x0D,0x2D,0x61,0x7F,0x3F,0x00,//"码",16
 125          };
 126          unsigned char code chiness_17[32]=
 127          {
 128            0xC0,0xC0,0xC3,0xDB,0xDB,0xDB,0xDB,0xDB,0xDB,0xDB,0xDB,0xFF,0xFF,0xC0,0xC0,0x00,
 129            0x00,0x30,0x31,0x1B,0x1A,0x0C,0x6C,0x7F,0x3F,0x0C,0x1E,0x1B,0x31,0x30,0x10,0x00,//"录",17
 130          };
 131          unsigned char code chiness_18[32]=
 132          {
 133            0x00,0x00,0x00,0x00,0x02,0x02,0xC6,0xFC,0x78,0xC0,0x00,0x00,0x00,0x00,0x00,0x00,
 134            0x00,0x30,0x18,0x0C,0x06,0x03,0x01,0x00,0x00,0x01,0x07,0x0C,0x18,0x30,0x20,0x00,//"入",18
 135          };
 136          unsigned char code chiness_19[32]=
 137          {
 138            0x00,0x06,0xF6,0x06,0xFE,0xFE,0x20,0x30,0x18,0x6C,0x67,0x67,0x6C,0x18,0x30,0x30,
 139            0x00,0x0C,0x0D,0x6D,0x61,0x7F,0x3F,0x00,0x6F,0x60,0x6F,0x60,0x78,0x7F,0x67,0x00,//"验",19
 140          };
 141          unsigned char code chiness_20[32]=
 142          {
 143            0x60,0x62,0xE6,0xEC,0x00,0x00,0xC6,0xC6,0x06,0xFE,0xFE,0xC6,0xC6,0xC6,0x06,0x00,
 144            0x00,0x00,0x3F,0x3F,0x08,0x30,0x3F,0x3F,0x30,0x3F,0x3F,0x30,0x30,0x30,0x30,0x00,//"证",20
 145          };
 146          unsigned char code chiness_21[32]=
 147          {
 148            0x00,0xB0,0xB8,0x9E,0x9E,0x98,0x98,0xFF,0xFF,0x98,0x98,0x98,0x98,0x80,0x00,0x00,
 149            0x00,0x61,0x61,0x31,0x19,0x0D,0x07,0x03,0x07,0x0D,0x19,0x31,0x31,0x61,0x20,0x00,//"失",21
 150          };
 151          unsigned char code chiness_22[32]=
 152          {
 153            0x00,0xFE,0xFE,0x06,0xF6,0x06,0xFE,0x80,0xE0,0xFE,0x1E,0x18,0xF8,0xF8,0x18,0x00,
 154            0x20,0x33,0x1B,0x0C,0x07,0x18,0x53,0x41,0x61,0x37,0x1C,0x1E,0x37,0x61,0x60,0x00,//"败",22
 155          };
 156          unsigned char code chiness_23[32]=
 157          {
 158            0x60,0x30,0xFC,0xFF,0x03,0xF0,0xD0,0xDC,0x4F,0x77,0x26,0x7E,0x5E,0xC6,0xC0,0x00,
 159            0x00,0x00,0x7F,0x7F,0x00,0x0F,0x40,0x52,0x6A,0x2D,0x35,0x16,0x1A,0x08,0x00,0x00,//"修",23
 160          };
 161          unsigned char code chiness_24[32]=
 162          {
 163            0x06,0xE6,0xE6,0x66,0x7E,0x7E,0xC0,0xF0,0xFF,0x9F,0x18,0xF8,0xF8,0x18,0x00,0x00,
 164            0x00,0x3F,0x3F,0x18,0x0C,0x6C,0x60,0x30,0x1B,0x0F,0x0E,0x1B,0x31,0x60,0x60,0x00,//"改",24
 165          };
 166          unsigned char code chiness_25[32]=
 167          {
 168            0x00,0x00,0x00,0xFC,0xFC,0xCC,0xCC,0xCC,0x0C,0xFF,0xFF,0x0C,0xCF,0xCF,0x0C,0x00,
 169            0x00,0x20,0x78,0x1F,0x07,0x08,0x0F,0x6F,0x30,0x19,0x0F,0x1E,0x33,0x61,0x78,0x38,//"成",25
 170          };
 171          unsigned char code chiness_26[32]=
 172          {
 173            0x0C,0x0C,0xFC,0xFC,0x0C,0x0C,0x30,0x30,0xFF,0xFF,0x30,0x30,0xF0,0xF0,0x00,0x00,
 174            0x18,0x18,0x1F,0x0F,0x2C,0x6C,0x30,0x1C,0x0F,0x03,0x60,0x60,0x7F,0x3F,0x00,0x00,//"功",26
 175          };
 176          unsigned char code chiness_27[32]=
 177          {
 178            0x00,0xFE,0xFE,0x06,0x36,0xB6,0xF6,0x7F,0xBF,0xB6,0x36,0x36,0x36,0x36,0x06,0x00,
 179            0x30,0x7F,0x0F,0x00,0x18,0x1B,0x1B,0x1B,0x7F,0x7F,0x1B,0x1B,0x1B,0x1B,0x18,0x00,//"库",27
C51 COMPILER V8.08   ASCII                                                                 12/19/2011 11:22:23 PAGE 4   

 180          };
 181          unsigned char code chiness_28[32]=
 182          {
 183            0x00,0x06,0xE6,0xE6,0xC6,0xC6,0xC6,0xC6,0xC6,0xC6,0xC6,0xFE,0xFE,0x00,0x00,0x00,
 184            0x00,0x00,0x3F,0x7F,0x60,0x60,0x60,0x60,0x60,0x60,0x60,0x61,0x79,0x38,0x00,0x00,//"已",28
 185          };
 186          unsigned char code chiness_29[32]=
 187          {
 188            0x00,0x22,0x66,0xCC,0x00,0x62,0x6A,0x6A,0x6A,0x7F,0x7F,0x6A,0x6A,0x6A,0x62,0x00,
 189            0x00,0x70,0x3C,0x06,0x00,0x00,0x7F,0x7F,0x15,0x15,0x15,0x55,0x7F,0x7F,0x00,0x00,//"清",29
 190          };
 191          unsigned char code chiness_30[32]=
 192          {
 193            0x00,0x9C,0xDC,0x4C,0x6C,0x2C,0x0D,0x0F,0x0E,0x2C,0x6C,0x4C,0xCC,0x9C,0x1C,0x00,
 194            0x00,0x60,0x60,0x66,0x66,0x66,0x66,0x7E,0x7E,0x66,0x66,0x66,0x66,0x60,0x60,0x00,//"空",30
 195          };
 196          unsigned char code chiness_31[32]=
 197          { 
 198            0x00,0xF0,0x00,0xFF,0xFF,0x30,0x20,0xCC,0x7C,0x9F,0x0F,0xEC,0xEC,0x0C,0x8C,0x8C,
 199            0x00,0x00,0x00,0x7F,0x7F,0x02,0x23,0x61,0x32,0x1B,0x0C,0x07,0x0F,0x1B,0x31,0x60,//"恢",31
 200          };
 201          unsigned char code chiness_32[32]=
 202          {
 203            0x00,0x18,0x0C,0xFE,0xFF,0xAB,0xAA,0xAA,0xAA,0xAA,0xAA,0xFA,0xFA,0x02,0x00,0x00,
 204            0x00,0x48,0x4C,0x4C,0x66,0x6F,0x3F,0x36,0x36,0x3E,0x6E,0x66,0x40,0x40,0x00,0x00,//"复",32
 205          };
 206          unsigned char code chiness_33[32]=
 207          {
 208            0x0C,0x0C,0xFC,0xFC,0x0C,0x0C,0x30,0x30,0xFF,0xFF,0x30,0x30,0xF0,0xF0,0x00,0x00,
 209            0x18,0x18,0x1F,0x0F,0x2C,0x6C,0x30,0x1C,0x0F,0x03,0x60,0x60,0x7F,0x3F,0x00,0x00,//"功",33
 210          };
 211          unsigned char code chiness_34[32]=
 212          {
 213            0x00,0x18,0xDC,0xDF,0xDB,0xDC,0xDC,0xD8,0x00,0x3F,0x7F,0x68,0x6C,0x64,0x30,0x00,
 214            0x00,0x00,0x7F,0x7F,0x0A,0x6A,0x7F,0x3F,0x00,0x3F,0x7F,0x64,0x66,0x72,0x30,0x00,//"能",34
 215          };
 216          unsigned char code chiness_35[32]=
 217          {
 218            0x03,0xFF,0xFF,0x23,0x23,0xFF,0xFF,0x00,0x06,0xFE,0xFE,0x06,0xFE,0xFE,0x00,0x00,
 219            0x18,0x1F,0x1F,0x19,0x09,0x7F,0x7F,0x0C,0x30,0x31,0x1F,0x0E,0x1B,0x31,0x10,0x00,//"取",35
 220          };
 221          unsigned char code chiness_36[32]=
 222          {
 223            0x20,0x62,0xC6,0x0C,0x00,0x02,0xF6,0xF4,0x30,0x3F,0x3F,0x30,0xF4,0xF6,0x00,0x00,
 224            0x00,0x70,0x3C,0x0E,0x00,0x00,0x7F,0x7F,0x05,0x05,0x25,0x65,0x7F,0x3F,0x00,0x00,//"消",36
 225          };
 226          unsigned char code chiness_37[32]=
 227          {
 228            0x00,0x00,0x06,0x26,0x36,0xBE,0xEE,0x66,0x26,0x36,0x1B,0xCB,0x83,0x03,0x00,0x00,
 229            0x00,0x20,0x33,0x1B,0x0B,0x03,0x63,0x7F,0x3F,0x01,0x01,0x09,0x19,0x33,0x00,0x00,//"系",37
 230          };
 231          unsigned char code chiness_38[32]=
 232          {
 233            0x00,0x60,0x78,0xEE,0x66,0x30,0x0C,0xCC,0xEC,0xFC,0xDF,0xCF,0xCC,0xEC,0xCC,0x8C,
 234            0x00,0x32,0x33,0x33,0x1B,0x1B,0x59,0x60,0x3F,0x1F,0x00,0x3F,0x7F,0x60,0x71,0x71,//"统",38
 235          };
 236          unsigned char code chiness_39[32]=
 237          {
 238            0xC0,0xFE,0xFE,0xC6,0xFE,0xC0,0xFE,0xC6,0xFE,0xFE,0xC0,0xFC,0x00,0xFF,0xFF,0x00,
 239            0x60,0x7F,0x1F,0x60,0x3F,0x60,0x3F,0x60,0x7F,0x3F,0x00,0x07,0x60,0x7F,0x3F,0x00,//"删",39
 240          };
 241          unsigned char code chiness_40[32]=
C51 COMPILER V8.08   ASCII                                                                 12/19/2011 11:22:23 PAGE 5   

 242          {
 243            0x00,0xFE,0xFE,0xE6,0xBE,0x0E,0x30,0x78,0x6C,0xE7,0xE7,0x6C,0x38,0x30,0x20,0x00,
 244            0x00,0x7F,0x7F,0x0C,0x0F,0x30,0x1B,0x0B,0x63,0x7F,0x3F,0x03,0x0B,0x3B,0x30,0x00,//"除",40
 245          };
 246          unsigned char code chiness_41[32]=
 247          {
 248            0x80,0x80,0x80,0xBE,0xBE,0xB6,0xB6,0xB6,0xB6,0xB6,0xB6,0xBE,0xBE,0x80,0x80,0x00,
 249            0x01,0x01,0x01,0x01,0x0F,0x0F,0x0D,0x2D,0x6D,0x6D,0x6D,0x3D,0x1D,0x01,0x01,0x00,//"号",41
 250          };
 251          unsigned char code chiness_42[32]=
 252          {
 253            0x00,0x0C,0x8C,0xEC,0xFC,0xBC,0x8F,0xEF,0xEC,0x8C,0x8C,0x8C,0x8C,0x0C,0x00,0x00,
 254            0x00,0x18,0x19,0x19,0x19,0x19,0x19,0x7F,0x7F,0x19,0x19,0x19,0x19,0x18,0x00,0x00,//"车",42
 255          };
 256          unsigned char code chiness_43[32]=
 257          {
 258            0x00,0x18,0x18,0x18,0x18,0x18,0x1B,0xFE,0xFC,0x18,0x18,0x18,0x18,0x18,0x00,0x00,
 259            0x00,0x60,0x63,0x63,0x63,0x63,0x63,0x7F,0x7F,0x63,0x63,0x63,0x63,0x60,0x00,0x00,//"主",43
 260          };
 261          unsigned char code chiness_44[32]=
 262          {
 263            0x00,0x06,0xE6,0xE6,0xC6,0xC6,0xC6,0xC6,0xC6,0xC6,0xC6,0xFE,0xFE,0x00,0x00,0x00,
 264            0x00,0x00,0x3F,0x7F,0x60,0x60,0x60,0x60,0x60,0x60,0x60,0x61,0x79,0x38,0x00,0x00,//"已",44
 265          };
 266          unsigned char code chiness_45[32]=
 267          {
 268            0x00,0x18,0x5B,0x7E,0x98,0xFF,0x7F,0x3E,0x5B,0xE0,0xFF,0x1F,0x18,0xF8,0xF8,0x18,
 269            0x00,0x43,0x43,0x6F,0x3F,0x1B,0x1B,0x1F,0x37,0x60,0x33,0x1F,0x1C,0x37,0x61,0x40,//"数",45
 270          };
 271          unsigned char code chiness_46[32]=
 272          {
 273            0x00,0x00,0x06,0x26,0x36,0xBE,0xEE,0x66,0x26,0x36,0x1B,0xCB,0x83,0x03,0x00,0x00,
 274            0x00,0x20,0x33,0x1B,0x0B,0x03,0x63,0x7F,0x3F,0x01,0x01,0x09,0x19,0x33,0x00,0x00,//"系",46
 275          };
 276          unsigned char code chiness_47[32]=
 277          {
 278            0x60,0x78,0xEE,0x66,0x30,0x0C,0xCC,0xEC,0xFC,0xDF,0xCF,0xCC,0xEC,0xCC,0x8C,0x00,
 279            0x32,0x33,0x33,0x1B,0x1B,0x59,0x60,0x3F,0x1F,0x00,0x3F,0x7F,0x60,0x71,0x71,0x00,//"统",47
 280          };
 281          unsigned char code chiness_48[32]=
 282          {
 283            0x60,0x62,0xE6,0xEC,0x00,0xF3,0xF3,0xB7,0xBF,0xFB,0xFF,0xB7,0xF3,0xF1,0x00,0x00,
 284            0x40,0x60,0x3F,0x1F,0x30,0x6F,0x6F,0x62,0x62,0x6F,0x6F,0x62,0x6F,0x6F,0x60,0x00,//"通",48
 285          };
 286          unsigned char code chiness_49[32]=
 287          {
 288            0x40,0x70,0xFC,0xFF,0x03,0x0C,0xAC,0xAC,0xAC,0xAF,0xAF,0xAC,0xAC,0xAC,0x0C,0x00,
 289            0x00,0x00,0x7F,0x7F,0x00,0x00,0x7E,0x7E,0x36,0x36,0x36,0x36,0x7E,0x7E,0x00,0x00,//"信",49
 290          };
 291          unsigned char code chiness_50[32]=
 292          {
 293            0x00,0x06,0x06,0xE6,0xE6,0x06,0x06,0xFE,0xFE,0xC6,0xC6,0xC6,0xC6,0x06,0x00,0x00,
 294            0x30,0x30,0x30,0x3F,0x3F,0x30,0x30,0x3F,0x3F,0x30,0x30,0x30,0x30,0x30,0x30,0x00,//"正",50
 295          };
 296          unsigned char code chiness_51[32]=
 297          {
 298            0x00,0x3C,0x3C,0x0D,0xEF,0xEE,0xAC,0xAF,0xAF,0xAC,0xEE,0xEF,0x0D,0x3C,0x3C,0x00,
 299            0x00,0x00,0x00,0x3C,0x3D,0x0D,0x0D,0x7F,0x7F,0x0D,0x0D,0x2D,0x3C,0x1C,0x00,0x00,//"常",51
 300          };
 301          unsigned char code chiness_52[32]=
 302          {
 303            0x00,0x60,0x60,0xE3,0xEE,0x04,0xF0,0xFF,0xDF,0xC3,0xC3,0xDF,0xFF,0xF0,0x30,0x30,
C51 COMPILER V8.08   ASCII                                                                 12/19/2011 11:22:23 PAGE 6   

 304            0x00,0x00,0x00,0x3F,0x3F,0x18,0x68,0x63,0x37,0x3C,0x18,0x1E,0x37,0x61,0x60,0x20,//"设",52
 305          };
 306          unsigned char code chiness_53[32]=
 307          {
 308            0x00,0x20,0x2E,0xAE,0xAA,0xAA,0xAE,0xFA,0xFA,0xAE,0xAA,0xAA,0xAE,0x2E,0x20,0x00,
 309            0x60,0x60,0x60,0x7F,0x7F,0x6A,0x6A,0x6A,0x6A,0x6A,0x6A,0x7F,0x7F,0x60,0x60,0x00,//"置",53
 310          };
 311          unsigned char code chiness_54[32]=
 312          {
 313            0x18,0x18,0xFF,0xFF,0x98,0x00,0xFE,0xFE,0xC6,0xC6,0xD6,0xD6,0xDE,0xCE,0x00,0x00,
 314            0x03,0x63,0x7F,0x3F,0x01,0x00,0x7F,0x7F,0x40,0x63,0x3C,0x18,0x37,0x63,0x40,0x00,//"报",54
 315          };
 316          unsigned char code chiness_55[32]=
 317          {
 318            0x12,0x1A,0x7F,0x5F,0x5A,0x7F,0x4F,0xBA,0x8C,0x5E,0x77,0x26,0x7E,0x4E,0x46,0x00,
 319            0x01,0x01,0x01,0x75,0x75,0x55,0x55,0x55,0x55,0x55,0x55,0x75,0x75,0x01,0x01,0x00,//"警",55
 320          };
 321          unsigned char code chiness_56[32]=
 322          {
 323            0x00,0x06,0x36,0x36,0x36,0x36,0x36,0xFE,0xFF,0x33,0x33,0x33,0x33,0x00,0x00,0x00,
 324            0x03,0x03,0x03,0x03,0x03,0x63,0x63,0x7F,0x3F,0x03,0x03,0x03,0x03,0x03,0x03,0x00,//"手",56
 325          };
 326          unsigned char code chiness_57[32]=
 327          {
 328            0x18,0x98,0xFF,0xFF,0x98,0x18,0x00,0xFE,0xFE,0x06,0x06,0xFE,0xFE,0x00,0x00,0x00,
 329            0x06,0x03,0x7F,0x7F,0x01,0x23,0x70,0x3F,0x0F,0x00,0x00,0x3F,0x7F,0x60,0x70,0x00,//"机",57
 330          };
 331          unsigned char code chiness_58[32]=
 332          {
 333            0x80,0x80,0x80,0xBE,0xBE,0xB6,0xB6,0xB6,0xB6,0xB6,0xB6,0xBE,0xBE,0x80,0x80,0x00,
 334            0x01,0x01,0x01,0x01,0x0F,0x0F,0x0D,0x2D,0x6D,0x6D,0x6D,0x3D,0x1D,0x01,0x01,0x00,//"号",58
 335          };
 336          unsigned char code chiness_59[32]=
 337          {
 338            0x00,0x00,0xC0,0xC6,0xC6,0xC6,0xC6,0xFE,0xFE,0xC6,0xC6,0xC6,0xC6,0xC6,0xC0,0x00,
 339            0x00,0x00,0x40,0x60,0x30,0x18,0x0F,0x07,0x00,0x3F,0x7F,0x60,0x60,0x60,0x78,0x78,//"无",59
 340          };
 341          unsigned char code chiness_60[32]=
 342          {
 343            0x00,0xFE,0xFE,0x36,0x66,0xC6,0x76,0x06,0x76,0xC6,0xF6,0x36,0xFE,0xFE,0x00,0x00,
 344            0x00,0x7F,0x7F,0x0C,0x06,0x03,0x06,0x0C,0x06,0x03,0x07,0x64,0x7F,0x3F,0x00,0x00,//"网",60
 345          };
 346          unsigned char code chiness_61[32]=
 347          {
 348            0x60,0x78,0xDE,0xE6,0x30,0x00,0x30,0x9C,0xBF,0xEF,0xEC,0xBC,0x9C,0x04,0x00,0x00,
 349            0x26,0x27,0x37,0x36,0x16,0x11,0x03,0x7F,0x7E,0x36,0x36,0x36,0x7F,0x7F,0x01,0x00,//"络",61
 350          };
 351          unsigned char code chiness_62[32]=
 352          {
 353            0x18,0x98,0xFF,0xFF,0x18,0x38,0x30,0x18,0x6C,0x67,0x6F,0x6C,0x98,0xB0,0x20,0x00,
 354            0x06,0x03,0x7F,0x7F,0x03,0x30,0x33,0x37,0x3C,0x33,0x33,0x3C,0x3F,0x33,0x30,0x00,//"检",62
 355          };
 356          unsigned char code chiness_63[32]=
 357          { 
 358            0x00,0x66,0xCC,0x00,0xFE,0x06,0xF6,0x06,0xFE,0x00,0xFC,0x00,0xFF,0xFF,0x00,0x00,
 359            0x00,0x70,0x1E,0x00,0x63,0x38,0x0F,0x00,0x1B,0x30,0x07,0x60,0x7F,0x3F,0x00,0x00,//"测",63
 360          };
 361          unsigned char code chiness_64[32]=
 362          {
 363            0x40,0x70,0xFC,0xFF,0x03,0x0C,0xAC,0xAC,0xAC,0xAF,0xAF,0xAC,0xAC,0xAC,0x0C,0x00,
 364            0x00,0x00,0x7F,0x7F,0x00,0x00,0x7E,0x7E,0x36,0x36,0x36,0x36,0x7E,0x7E,0x00,0x00,//"信",64
 365          };
C51 COMPILER V8.08   ASCII                                                                 12/19/2011 11:22:23 PAGE 7   

 366          unsigned char code chiness_65[32]=
 367          {
 368            0x80,0x80,0x80,0xBE,0xBE,0xB6,0xB6,0xB6,0xB6,0xB6,0xB6,0xBE,0xBE,0x80,0x80,0x00,
 369            0x01,0x01,0x01,0x01,0x0F,0x0F,0x0D,0x2D,0x6D,0x6D,0x6D,0x3D,0x1D,0x01,0x01,0x00,//"号",65
 370          };
 371          unsigned char code chiness_66[32]=
 372          {
 373            0x00,0x00,0xC0,0xC0,0xC0,0xC0,0xC0,0xC0,0xC0,0xC0,0xC0,0xC0,0xC0,0xC0,0xC0,0xC0,
 374            0x00,0x00,0x00,0x00,0x00,0x00,0x00,0x00,0x00,0x00,0x00,0x00,0x00,0x00,0x00,0x00,//"一",66
 375          };
 376          unsigned char code chiness_67[32]=
 377          {
 378            0x00,0x00,0x0C,0x0C,0x0C,0x0C,0x0C,0x0C,0x0C,0x0C,0x0C,0x0C,0x0C,0x00,0x00,0x00,
 379            0x18,0x18,0x18,0x18,0x18,0x18,0x18,0x18,0x18,0x18,0x18,0x18,0x18,0x18,0x18,0x00,//"二",67
 380          };
 381          unsigned char code chiness_68[32]=
 382          {
 383            0x00,0x00,0xFF,0xFF,0x03,0xFB,0xFB,0x5B,0x5F,0x5F,0x5B,0x5B,0xFB,0xFB,0x03,0x00,
 384            0x40,0x70,0x1F,0x07,0x30,0x1B,0x2B,0x63,0x7F,0x3F,0x03,0x0B,0x1B,0x33,0x00,0x00,//"原",68
 385          };
 386          
 387          
 388          unsigned char code chiness_69[32]=
 389          {
 390                  0x00,0x00,0xFE,0xFE,0x06,0x16,0x36,0x66,0xC6,0xC6,0x66,0x36,0x16,0x06,0x00,0x00,
 391                  0x00,0x00,0x7F,0x7F,0x60,0x6C,0x66,0x63,0x61,0x61,0x63,0x66,0x6C,0x60,0x00,0x00,/*"区",69*/
 392          /* (16 X 16 , 黑体 )*/
 393          };
 394          
 395          unsigned char code chiness_70[32]=
 396          {
 397                  0x00,0x00,0xFE,0xFE,0xB6,0xB6,0xB6,0xB7,0xF7,0xF6,0xB6,0xB6,0xBE,0xBE,0x80,0x00,
 398                  0x60,0x70,0x3F,0x0F,0x61,0x71,0x39,0x1F,0x0F,0x6D,0x6D,0x7D,0x3D,0x01,0x01,0x00,/*"房",70*/
 399          /* (16 X 16 , 黑体 )*/
 400          };
 401          
 402          unsigned char code chiness_71[32]=
 403          {
 404                  0x00,0xFC,0xFC,0x0C,0xCC,0xCC,0xCC,0xCF,0xFF,0xFC,0xCC,0xCC,0xCC,0xCC,0x00,0x00,
 405                  0x60,0x3F,0x1F,0x10,0x18,0x0C,0x06,0x03,0x7F,0x7F,0x03,0x06,0x0C,0x18,0x10,0x00,/*"床",71*/
 406          /* (16 X 16 , 黑体 )*/
 407          };
 408          
 409          
 410          unsigned char code chiness_72[32]=
 411          {
 412                  0x80,0x80,0x80,0xBE,0xBE,0xB6,0xB6,0xB6,0xB6,0xB6,0xB6,0xBE,0xBE,0x80,0x80,0x00,
 413                  0x01,0x01,0x01,0x01,0x0F,0x0F,0x0D,0x2D,0x6D,0x6D,0x6D,0x3D,0x1D,0x01,0x01,0x00,/*"号",72*/
 414          /* (16 X 16 , 黑体 )*/
 415          };
 416          


MODULE INFORMATION:   STATIC OVERLAYABLE
   CODE SIZE        =   ----    ----
   CONSTANT SIZE    =   2528    ----
   XDATA SIZE       =   ----    ----
   PDATA SIZE       =   ----    ----
   DATA SIZE        =   ----    ----
   IDATA SIZE       =   ----    ----
   BIT SIZE         =   ----    ----
END OF MODULE INFORMATION.

C51 COMPILER V8.08   ASCII                                                                 12/19/2011 11:22:23 PAGE 8   


C51 COMPILATION COMPLETE.  0 WARNING(S),  0 ERROR(S)
