C51 COMPILER V9.00   KEY                                                                   02/15/2019 14:56:44 PAGE 1   


C51 COMPILER V9.00, COMPILATION OF MODULE KEY
OBJECT MODULE PLACED IN Key.OBJ
COMPILER INVOKED BY: C:\Keil\C51\BIN\C51.EXE Key.c LARGE BROWSE DEBUG OBJECTEXTEND TABS(2)

line level    source

   1          /*
   2          ************************Copyright(c)************************
   3          *            湖南一特股份有限公司
   4          *             All Rights Reserved
   5          *              
   6          *
   7          *-----------------------文件信息---------------------------
   8          *文件名称         :Key.c
   9          *文件描述       :听筒监控程序
  10          *创建人         :尹运同
  11          *创建日期       :2008-9-22
  12          *版本号           :V1.0
  13          *注释         :
  14          *----------------------------------------------------------
  15          *修改人       :
  16          *修改日期       :
  17          *版本号           :
  18          *注释         :
  19          ***********************************************************
  20          */
  21          #define _IN_KEY_
  22          #include "config.h"
  23          
  24          /**********************************************************
  25          *函数名称     :KeyDown  
  26          *函数描述         :电源按键按下处理函数
  27          *输入参数       :
  28          *返回值       :     
  29          *全局变量     :
  30          *调用模块       :
  31          ***********************************************************
  32          *创建人           :尹运同
  33          *创建日期     :2008-9-22
  34          ***********************************************************
  35          *修改人         :
  36          *修改日期       :
  37          *注释           :
  38          **********************************************************/ 
  39          void KeyDown(void)
  40          {
  41   1        if(bPowerEnState)
  42   1        {//24V电源打开状态
  43   2          bPowerEnState=0;
  44   2          POWER_EN =0;
  45   2          
  46   2          LED_POWER = 1;  //关电源指示灯
  47   2          
  48   2          LED_STATE =1; //关状态指示灯
  49   2          bLedState =1;
  50   2        }
  51   1        else
  52   1        {//24V电源关闭状态
  53   2          EA=0;
  54   2          while(1); //不喂狗,使系统重启
  55   2          
C51 COMPILER V9.00   KEY                                                                   02/15/2019 14:56:44 PAGE 2   

  56   2          bPowerEnState=1;
  57   2          POWER_EN =1;
  58   2          
  59   2          LED_POWER = 0;  //开电源指示灯
  60   2          
  61   2      
  62   2          LED_STATE =0; //开状态指示灯
  63   2          bLedState =0;
  64   2        }
  65   1      }
  66          /**********************************************************
  67          *函数名称     :KeyUp  
  68          *函数描述         :电源按键弹起处理函数
  69          *输入参数       :
  70          *返回值       :     
  71          *全局变量     :
  72          *调用模块       :
  73          ***********************************************************
  74          *创建人           :尹运同
  75          *创建日期     :2008-9-22
  76          ***********************************************************
  77          *修改人         :
  78          *修改日期       :
  79          *注释           :
  80          **********************************************************/ 
  81          void KeyUp(void)
  82          {
  83   1      
  84   1      }
  85          


MODULE INFORMATION:   STATIC OVERLAYABLE
   CODE SIZE        =     19    ----
   CONSTANT SIZE    =   ----    ----
   XDATA SIZE       =   ----    ----
   PDATA SIZE       =   ----    ----
   DATA SIZE        =   ----    ----
   IDATA SIZE       =   ----    ----
   BIT SIZE         =   ----    ----
END OF MODULE INFORMATION.


C51 COMPILATION COMPLETE.  0 WARNING(S),  0 ERROR(S)
