C51 COMPILER V9.00   KEY                                                                   12/14/2017 13:32:30 PAGE 1   


C51 COMPILER V9.00, COMPILATION OF MODULE KEY
OBJECT MODULE PLACED IN Key.OBJ
COMPILER INVOKED BY: C:\Keil\C51\BIN\C51.EXE Key.c BROWSE DEBUG OBJECTEXTEND

line level    source

   1          /*
   2          ************************Copyright(c)************************
   3          *                                  湖南一特电子股份有限公司
   4          *                               All Rights Reserved
   5          *                                        
   6          *
   7          *-----------------------文件信息---------------------------
   8          *文件名称               :Key.c
   9          *文件描述               :按键驱动程序
  10          *创建人                 :尹运同
  11          *创建日期               :2008-9-22
  12          *版本号                 :V1.0
  13          *注释                   :
  14          *----------------------------------------------------------
  15          *修改人                         :
  16          *修改日期                       :
  17          *版本号                 :
  18          *注释                   :
  19          ***********************************************************
  20          */
  21          #define _IN_KEY_
  22          #include "config.h"
  23          
  24          //按键引脚定义
  25          sbit    SetKey          =       P3^4;                                                           //设置键
  26          bit             bLedRedState;                                                                           //红灯状态      
  27          /**********************************************************
  28          *函数名称                       :SetLedRedState 
  29          *函数描述               :设置红色Led灯状态
  30          *输入参数               :byState:灯状态
  31          *返回值                         :       
  32          *全局变量                       :
  33          *调用模块                       :
  34          ***********************************************************
  35          *创建人                 :尹运同
  36          *创建日期                       :2008-9-22
  37          ***********************************************************
  38          *修改人                         :
  39          *修改日期               :
  40          *注释                   :
  41          **********************************************************/
  42          void SetLedRedState(uint8 byState)
  43          {
  44   1              LED_RED = LED_GREEN = (bit)byState;
  45   1              bLedRedState = (bit)byState;
  46   1              stLocalControl.byLedState = byState;    
  47   1      }
  48          /**********************************************************
  49          *函数名称                       :KeyScan        
  50          *函数描述               :按键扫描函数
  51          *输入参数               :
  52          *返回值                         :NO_KEY:无按键按下,SET_KEY:设置键按下   
  53          *全局变量                       :
  54          *调用模块                       :
  55          ***********************************************************
C51 COMPILER V9.00   KEY                                                                   12/14/2017 13:32:30 PAGE 2   

  56          *创建人                 :尹运同
  57          *创建日期                       :2008-9-22
  58          ***********************************************************
  59          *修改人                         :
  60          *修改日期               :
  61          *注释                   :
  62          **********************************************************/
  63          uint8 KeyScan(void)
  64          {
  65   1              if(0 == SetKey)
  66   1              {
  67   2                      return(SET_KEY);
  68   2              }
  69   1              return(NO_KEY); 
  70   1      } 
  71          /**********************************************************
  72          *函数名称                       :KeyManager     
  73          *函数描述               :按键管理线程
  74          *输入参数               :
  75          *返回值                         :       
  76          *全局变量                       :byMainCmdQ
  77          *调用模块                       :KeyScan,OSQPost
  78          ***********************************************************
  79          *创建人                 :尹运同
  80          *创建日期                       :2008-9-22
  81          ***********************************************************
  82          *修改人                         :
  83          *修改日期               :
  84          *注释                   :
  85          **********************************************************/
  86          void KeyManager(void)
  87          {       
  88   1              static uint8 byKeyValue;        
  89   1              SetKey  = 1;
  90   1          while(TRUE)
  91   1          {
  92   2              OSWait(K_TMO, OS_TICKS_PER_SEC/50);                             //20ms延时                                                
  93   2              byKeyValue = KeyScan();                                 
  94   2              if(byKeyValue == NO_KEY)
  95   2              {                               
  96   3                 continue;
  97   3              }        
  98   2              OSWait(K_TMO, OS_TICKS_PER_SEC/50);                                             
  99   2              if(byKeyValue != KeyScan())
 100   2              {                       
 101   3                  continue;
 102   3              }
 103   2              OSQPost(byMainCmdQ, KEY_DOWN|byKeyValue);                                                                        
 104   2              while(byKeyValue == KeyScan())
 105   2              {       
 106   3                              OSWait(K_TMO, 2);                              
 107   3              } 
 108   2                      WDT_CONTR = 0x3d;
 109   2          }
 110   1      }
 111          /**********************************************************
 112          *函数名称                       :KeyDownDeal    
 113          *函数描述               :按键按下处理函数
 114          *输入参数               :byKey:按下键的键值
 115          *返回值                         :       
 116          *全局变量                       :stLocalControl
 117          *调用模块                       :Bus0OutputData
C51 COMPILER V9.00   KEY                                                                   12/14/2017 13:32:30 PAGE 3   

 118          ***********************************************************
 119          *创建人                 :尹运同
 120          *创建日期                       :2008-9-22
 121          ***********************************************************
 122          *修改人                         :
 123          *修改日期               :
 124          *注释                   :
 125          **********************************************************/
 126          void KeyDownDeal(uint8 byKey)
 127          { 
 128   1              if(bLanding)
 129   1              {       //登记状态,不处理       
 130   2                      return;
 131   2              } 
 132   1      
 133   1      
 134   1              
 135   1      
 136   1              stLocalControl.stBusDealFreq.bySndSecAddr = stLocalControl.stEepromCfgData.bySelfSecAddr;
 137   1              stLocalControl.stBusDealFreq.bySndRoomAddr = stLocalControl.stEepromCfgData.bySelfRoomAddr;
 138   1              stLocalControl.stBusDealFreq.bySndBedAddr = stLocalControl.stEepromCfgData.bySelfBedAddr;
 139   1              stLocalControl.stBusDealFreq.byRecSecAddr = stLocalControl.stEepromCfgData.bySelfSecAddr;
 140   1              stLocalControl.stBusDealFreq.byRecRoomAddr = stLocalControl.stEepromCfgData.bySelfRoomAddr;
 141   1              stLocalControl.stBusDealFreq.byRecBedAddr = stLocalControl.stEepromCfgData.bySelfBedAddr;  
 142   1              switch(byKey)
 143   1              {
 144   2                      case SET_KEY:
 145   2                              if(bNumSeting)
 146   2                              {
 147   3                                      bNumSeting =0;
 148   3                                      stLocalControl.stEepromCfgData.bySelfSecAddr = bySec;   
 149   3                                      stLocalControl.stEepromCfgData.bySelfRoomAddr = byRoom; 
 150   3                                      stLocalControl.stEepromCfgData.bySelfBedAddr =0x00;
 151   3      
 152   3                                      byNumSetTime =0;
 153   3                                  //stLocalControl.byLedTime = stLocalControl.byLedDelay = 0;
 154   3                              SetLedRedState(LED_ON);                         
 155   3                                      stLocalControl.stBusDealFreq.byCmd = CMD_GET_BUS;
 156   3                                      Bus0OutputData(&(stLocalControl.stBusDealFreq.bySndSecAddr));
 157   3                                      return;
 158   3                              }
 159   2                              
 160   2                              if(!bCalling)
 161   2                              {
 162   3                                      stLocalControl.stBusDealFreq.byRecSecAddr = stLocalControl.stEepromCfgData.byPrio;                                                              
 163   3                                      stLocalControl.stBusDealFreq.byCmd = CMD_EMERGENCY_CALL;                                
 164   3                                      Bus0OutputData(&(stLocalControl.stBusDealFreq.bySndSecAddr));
 165   3                              }                                                       
 166   2                              else
 167   2                              {                               
 168   3                                      stLocalControl.stBusDealFreq.byCmd = CMD_EMERGENCY_CLEAR;                               
 169   3                                      Bus0OutputData(&(stLocalControl.stBusDealFreq.bySndSecAddr));
 170   3                              } 
 171   2                              break;
 172   2                              
 173   2                      default:
 174   2                              break;
 175   2              }               
 176   1      } 


MODULE INFORMATION:   STATIC OVERLAYABLE
C51 COMPILER V9.00   KEY                                                                   12/14/2017 13:32:30 PAGE 4   

   CODE SIZE        =    216    ----
   CONSTANT SIZE    =   ----    ----
   XDATA SIZE       =   ----    ----
   PDATA SIZE       =   ----    ----
   DATA SIZE        =      1    ----
   IDATA SIZE       =   ----    ----
   BIT SIZE         =      1    ----
END OF MODULE INFORMATION.


C51 COMPILATION COMPLETE.  0 WARNING(S),  0 ERROR(S)
