C51 COMPILER V9.00   PARAMETER                                                             01/15/2019 15:40:10 PAGE 1   


C51 COMPILER V9.00, COMPILATION OF MODULE PARAMETER
OBJECT MODULE PLACED IN parameter.OBJ
COMPILER INVOKED BY: C:\Keil\C51\BIN\C51.EXE parameter.c LARGE BROWSE DEBUG OBJECTEXTEND TABS(2)

line level    source

   1          unsigned char code ParameterData[22]={0x5c, //0--初始化标志
   2                            0x01, //1-SelfSecAddr
   3                            0x02, //2-SelfRoomAddr
   4                            0x03, //3-SelfBedAddr:
   5                            0xff, //4-cSerialNum1
   6                            0xff, //5-cSerialNum2
   7                            0xff, //6-cSerialNum3
   8                            0x03, //7-cVersionHi
   9                            0x05, //8-cVersionLo
  10                            0x00, //9-stSupplyOxTotalTime.uiHour
  11                            0x00,
  12                            0x00, //11-stSupplyOxTotalTime.byMin
  13                            0x00, //12-输液报警器
  14                            0x00, //13-输液报警器
  15                            0x00, //14-输液报警器
  16                            0x00, //15-输液报警器
  17                            0x00, //16-输液报警器
  18                            0x00, //17-输液报警器
  19                            0xe1, //18-RS485波特率的高位
  20                            0x00, //19-RS485波特率的低位默认波特率57600
  21                            0x00, //20--   0x00:床头分机接收RS485信息时不判断区号、房号
  22                                   //0x01:需判断
  23                            0x45, //21--byCRC 数据校验 
  24                            };
  25          


MODULE INFORMATION:   STATIC OVERLAYABLE
   CODE SIZE        =   ----    ----
   CONSTANT SIZE    =     22    ----
   XDATA SIZE       =   ----    ----
   PDATA SIZE       =   ----    ----
   DATA SIZE        =   ----    ----
   IDATA SIZE       =   ----    ----
   BIT SIZE         =   ----    ----
END OF MODULE INFORMATION.


C51 COMPILATION COMPLETE.  0 WARNING(S),  0 ERROR(S)
