A51 MACRO ASSEMBLER  DATA                                                                 10/25/2013 11:22:37 PAGE     1


MACRO ASSEMBLER A51 V8.00d
OBJECT MODULE PLACED IN Data.OBJ
ASSEMBLER INVOKED BY: C:\Keil\C51\BIN\A51.EXE Data.asm SET(SMALL) DEBUG EP

LOC  OBJ            LINE     SOURCE

                       1     
                       2     
                       3     
                       4     
                       5     
                       6     
                       7     
                       8     
                       9     
                      10     
                      11     
                      12     
                      13     
                      14     
                      15     
                      16     
                      17     
                      18     
                      19     
                      20     
                      21     
                      22     
                      23             name Data_Asm
                      24     
----                  25             cseg at 0x2800
2800                  26     SelfSecAddr:
2800 01               27             db              0x01                             
2801                  28     SelfRoomAddr:
2801 01               29             db              0x01                             
2802                  30     SelfBedAddr:
2802 F0               31             db              0xF0                             
2803                  32     cFlag:
2803 01               33             db              0x01                             
2804                  34     cPrio:
2804 C0               35             db              0xC0                             
2805                  36     cReserve1:
2805 FF               37             db              0xFF                             
2806                  38     cReserve2:
2806 FF               39             db              0xFF                             
2807                  40     cReserve3:
2807 FF               41             db              0xFF                             
2808                  42     cSerialNum1:
2808 FF               43             db              0xFF                             
2809                  44     cSerialNum2:
2809 FF               45             db              0xFF                             
280A                  46     cSerialNum3:
280A FF               47             db              0xFF                             
280B                  48     cVersionHi:
280B 10               49             db              0x10                             
280C                  50     cVersionLo:
280C 0B               51             db              0x0B                             
                      52     
                      53             end
A51 MACRO ASSEMBLER  DATA                                                                 10/25/2013 11:22:37 PAGE     2

SYMBOL TABLE LISTING
------ ----- -------


N A M E             T Y P E  V A L U E   ATTRIBUTES

CFLAG. . . . . . .  C ADDR   2803H   A   
CPRIO. . . . . . .  C ADDR   2804H   A   
CRESERVE1. . . . .  C ADDR   2805H   A   
CRESERVE2. . . . .  C ADDR   2806H   A   
CRESERVE3. . . . .  C ADDR   2807H   A   
CSERIALNUM1. . . .  C ADDR   2808H   A   
CSERIALNUM2. . . .  C ADDR   2809H   A   
CSERIALNUM3. . . .  C ADDR   280AH   A   
CVERSIONHI . . . .  C ADDR   280BH   A   
CVERSIONLO . . . .  C ADDR   280CH   A   
DATA_ASM . . . . .  N NUMB   -----       
SELFBEDADDR. . . .  C ADDR   2802H   A   
SELFROOMADDR . . .  C ADDR   2801H   A   
SELFSECADDR. . . .  C ADDR   2800H   A   


REGISTER BANK(S) USED: 0 


ASSEMBLY COMPLETE.  0 WARNING(S), 0 ERROR(S)
