C51 COMPILER V9.00   IR                                                                    01/19/2017 14:30:05 PAGE 1   


C51 COMPILER V9.00, COMPILATION OF MODULE IR
OBJECT MODULE PLACED IN IR.OBJ
COMPILER INVOKED BY: C:\Keil\C51\BIN\C51.EXE IR.c BROWSE DEBUG OBJECTEXTEND

line level    source

   1          #define _IN_IR_
   2          #include "config.h"
   3          #include "string.h"
   4          
   5          bit  IRByteEnd;
   6          bit  FiveSec_Flag;
   7          bit  IRHaveRec_Flag;
   8          bit  NurseComeHave_Flag;
   9          bit  IR_SET_BY_SERIAL_FLAG;
  10          //uint8 IRDATA[4];
  11          //uint8 TEMPIRDATA[4];
  12          uint8 xdata IRDATA[6]={0,0,0,0,0,0};
  13          uint8 xdata TEMPIRDATA[6]={0,0,0,0,0,0};
  14          uint8 xdata IRDATASum=0;
  15          uint8 xdata IRByteCount=0;
  16          
  17          uint8 xdata MoveFjNum=0;                //移动分机号码
  18          
  19          extern uint16 xdata TimerCount;
  20          extern uint8    OS_Q_MEM_SEL    byMainCmdQ[];     
  21          extern STLocalControl   xdata stLocalControl;
  22          extern bit SET_BY_SERIAL_FLAG;
  23          /**********************************************************
  24          *函数名称                       :IRInit 
  25          *函数描述               :红外接收初始化
  26          *输入参数               :
  27          *返回值                         :       
  28          *全局变量                       :
  29          *调用模块                       :
  30          ***********************************************************
  31          *创建人                 :熊坚强
  32          *创建日期                       :2011-2-16
  33          ***********************************************************
  34          *修改人                         :
  35          *修改日期               :
  36          *注释                   :
  37          **********************************************************/
  38          void IRInit(void)
  39          {
  40   1              SCON = 0x50;
  41   1              PCON &= 0x7F;
  42   1              TH1 = 0xD8;
  43   1              TL1 = 0xD8;             //波特率设置为1200              
  44   1              TR1 = 1;
  45   1              RI=0;
  46   1              TI=0;
  47   1              ES = 1;
  48   1              IRByteCount=0;
  49   1              IRDATASum=0;
  50   1              memset(IRDATA,0,6);
  51   1              memset(TEMPIRDATA,0,6);
  52   1      }
  53          /**********************************************************
  54          *函数名称                       :comm   
  55          *函数描述               :串口中断，用来红外解码
C51 COMPILER V9.00   IR                                                                    01/19/2017 14:30:05 PAGE 2   

  56          *输入参数               :
  57          *返回值                         :       
  58          *全局变量                       :
  59          *调用模块                       :
  60          ***********************************************************
  61          *创建人                 :熊坚强
  62          *创建日期                       :2011-2-16
  63          ***********************************************************
  64          *修改人                         :
  65          *修改日期               :
  66          *注释                   :
  67          **********************************************************/
  68          #pragma disable
  69          void comm(void) interrupt 4
  70          {        
  71   1              if(RI == 1)
  72   1              { 
  73   2                      RI = 0; 
  74   2                      IRDATA[IRByteCount]=SBUF;
  75   2                      IRDATA[IRByteCount]=~IRDATA[IRByteCount];
  76   2                      IRByteCount++;
  77   2              if(IRByteCount==4) //此处先判断是编号数据还是护士到位信息
  78   2                      {
  79   3                         IRDATASum=IRDATA[0]+IRDATA[1]+IRDATA[2];
  80   3                         if(IRDATASum==IRDATA[3]&&IRDATA[2]==0x01) //认为是护士到位信号，此时只有四个字节
  81   3                         {
  82   4                                IRHaveRec_Flag=1;     //已经有护士到位标志
  83   4                                IRByteEnd=1;
  84   4                                strcpy(TEMPIRDATA,IRDATA);
  85   4                                memset(IRDATA,0,6);
  86   4                         }
  87   3                        else if(IRDATASum==IRDATA[3]&&IRDATA[2]==0x02) //如果是查房命令
  88   3                        {
  89   4                           IRByteEnd=1;
  90   4                               strcpy(TEMPIRDATA,IRDATA);
  91   4                               memset(IRDATA,0,6); 
  92   4                        }     
  93   3                        IRDATASum=0;
  94   3                      }
  95   2                      if(IRDATA[4]==0x5A&&IRByteCount==6)      //如果是编号器发过来编号的数据
  96   2                      {
  97   3                         IRByteCount=0;
  98   3                         if(IRDATA[3]==0x00)                   //如果是厕所分机的编号数据
  99   3                         {
 100   4                           IRDATASum=IRDATA[0]+IRDATA[1]+IRDATA[2]+IRDATA[3]+IRDATA[4];
 101   4                           if(IRDATASum==IRDATA[5])   //计算校验和
 102   4                            {
 103   5                                  IRDATASum=0;
 104   5                                  IR_SET_BY_SERIAL_FLAG=1; //已经收到正确编号信息标志
 105   5                                      IRByteEnd=1;
 106   5                                      strcpy(TEMPIRDATA,IRDATA);
 107   5                                      memset(IRDATA,0,6);
 108   5                                }
 109   4                           else
 110   4                               {
 111   5                                      IRByteEnd=0;
 112   5                                      IRDATASum=0;
 113   5                                      memset(IRDATA,0,6);
 114   5                                      memset(TEMPIRDATA,0,6);
 115   5                               }
 116   4                        }
 117   3                        else
C51 COMPILER V9.00   IR                                                                    01/19/2017 14:30:05 PAGE 3   

 118   3                        {
 119   4                          IRDATASum=0;
 120   4                              if(!NurseComeHave_Flag)
 121   4                               {
 122   5                                 IRHaveRec_Flag=0;    
 123   5                                 IRByteEnd=0;
 124   5                                 memset(TEMPIRDATA,0,6);
 125   5                               }
 126   4                              else if(NurseComeHave_Flag&&IRByteEnd==1) 
 127   4                              {
 128   5                                NurseComeHave_Flag=0; 
 129   5                                strcpy(TEMPIRDATA,IRDATA);
 130   5                              }
 131   4                              memset(IRDATA,0,6);
 132   4                        }
 133   3                      }
 134   2                }
 135   1                      /*if(IRByteCount>3)
 136   1                      {
 137   1                         if(IRDATA[3]==0x00)       //如果是编号器输入的数据，那么床号必须是0x00，否则认为是护士到位信息
 138   1                         {
 139   1                            if(IRByteCount>5)          //编号器过来的数据是6个字节
 140   1                                 {
 141   1                                IRByteCount=0;
 142   1                                IRDATASum=IRDATA[0]+IRDATA[1]+IRDATA[2]+IRDATA[3]+IRDATA[4];
 143   1                                if(IRDATASum==IRDATA[5])      //计算校验和
 144   1                                {
 145   1                                      IRDATASum=0;
 146   1                                      if(IRDATA[4]==0x5A) //如果为0x5A,则认为是编号器进行编号
 147   1                                      {
 148   1                                        IR_SET_BY_SERIAL_FLAG=1; //已经收到正确编号信息标志
 149   1                                            IRByteEnd=1;
 150   1                                            strcpy(TEMPIRDATA,IRDATA);
 151   1                                            memset(IRDATA,0,6);
 152   1                                      }
 153   1                                      else
 154   1                                      {
 155   1                                            IRByteEnd=0;
 156   1                                            memset(IRDATA,0,6);
 157   1                                      }
 158   1                                   }
 159   1                                   else
 160   1                               {
 161   1                                 IRDATASum=0;  
 162   1                                     IRByteEnd=0;
 163   1                                     memset(IRDATA,0,6);
 164   1                               }  
 165   1                                 }   
 166   1                        }
 167   1                        else                      //其余的则为护士到位的信息
 168   1                        {
 169   1                           IRByteCount=0;
 170   1                           IRDATASum=IRDATA[0]+IRDATA[1]+IRDATA[2];
 171   1                           if(IRDATASum==IRDATA[3])   //计算校验和
 172   1                           {
 173   1                                 IRDATASum=0;
 174   1                                 if(IRDATA[2]==0x01) //如果为0x01，说明护士已经到位
 175   1                                 {
 176   1                                    IRHaveRec_Flag=1; //已经有护士到位标志
 177   1                                        IRByteEnd=1;
 178   1                                        strcpy(TEMPIRDATA,IRDATA);
 179   1                                        memset(IRDATA,0,6);
C51 COMPILER V9.00   IR                                                                    01/19/2017 14:30:05 PAGE 4   

 180   1                                 }
 181   1                                 else
 182   1                                 {
 183   1                                        IRByteEnd=0;
 184   1                                        memset(IRDATA,0,6);
 185   1                                 }
 186   1                               }
 187   1                           else
 188   1                           {
 189   1                              IRDATASum=0;  
 190   1                                  IRByteEnd=0;
 191   1                                  memset(IRDATA,0,6);
 192   1                           }
 193   1                        }
 194   1                 }
 195   1              } */
 196   1              if(TI == 1)
 197   1              {
 198   2                  IRByteCount=0;
 199   2                      TI = 0;         
 200   2              }
 201   1      }
 202          void IRRecDeal(void)
 203          {       
 204   1          IRByteEnd=0;
 205   1              TimerCount=0;
 206   1              IRByteCount=0;
 207   1              if(bLanding)
 208   1              {               
 209   2                      return; //登记状态,不处理
 210   2              } 
 211   1              if(FiveSec_Flag)
 212   1              {
 213   2                 FiveSec_Flag=0;
 214   2                 TEMPIRDATA[2]=0x55;
 215   2              }
 216   1          if(IR_SET_BY_SERIAL_FLAG) //如果是编号器的数据
 217   1              {
 218   2                 SET_BY_SERIAL_FLAG=1;   //开始进行编号提示编号
 219   2                 stLocalControl.byLedTime = stLocalControl.byLedDelay = 50;
 220   2                 SetLedRedState(LED_FLASH);
 221   2                 return;
 222   2              }
 223   1              switch(TEMPIRDATA[2])
 224   1              {
 225   2                      case 0x01:      
 226   2                          if(!NurseComeHave_Flag)
 227   2                               {
 228   3                                 NurseComeHave_Flag=1;
 229   3                                 stLocalControl.stBusDealFreq.bySndSecAddr  = stLocalControl.stEepromCfgData.bySelfSecAddr;
 230   3                                 stLocalControl.stBusDealFreq.bySndRoomAddr = 255;
 231   3                         stLocalControl.stBusDealFreq.bySndBedAddr  = TEMPIRDATA[1];
 232   3                                 stLocalControl.stBusDealFreq.byRecSecAddr  = stLocalControl.stEepromCfgData.bySelfSecAddr;
 233   3                                 stLocalControl.stBusDealFreq.byRecRoomAddr = stLocalControl.stEepromCfgData.bySelfRoomAddr;
 234   3                                 stLocalControl.stBusDealFreq.byRecBedAddr  = 0x00;                                                   
 235   3                                 stLocalControl.stBusDealFreq.byCmd = CMD_NURSE_COME; //护士到位命令                                  
 236   3                                 Bus0OutputData(&(stLocalControl.stBusDealFreq.bySndSecAddr));
 237   3      
 238   3                                 MoveFjNum = TEMPIRDATA[1];
 239   3                               }
 240   2                              memset(TEMPIRDATA,0,6);
 241   2                              memset(IRDATA,0,6);
C51 COMPILER V9.00   IR                                                                    01/19/2017 14:30:05 PAGE 5   

 242   2                              break;
 243   2                      case 0x02:        //如果是查房命令则退出
 244   2                               memset(TEMPIRDATA,0,6);
 245   2                               memset(IRDATA,0,6);
 246   2                           break;
 247   2                      case 0x55:      
 248   2                              stLocalControl.stBusDealFreq.bySndSecAddr  = stLocalControl.stEepromCfgData.bySelfSecAddr;
 249   2                              stLocalControl.stBusDealFreq.bySndRoomAddr = 255;
 250   2                      stLocalControl.stBusDealFreq.bySndBedAddr  = MoveFjNum;
 251   2                              stLocalControl.stBusDealFreq.byRecSecAddr  = stLocalControl.stEepromCfgData.bySelfSecAddr;
 252   2                              stLocalControl.stBusDealFreq.byRecRoomAddr = stLocalControl.stEepromCfgData.bySelfRoomAddr;
 253   2                              stLocalControl.stBusDealFreq.byRecBedAddr  = 0x00; 
 254   2                          NurseComeHave_Flag=0;                                                       
 255   2                              stLocalControl.stBusDealFreq.byCmd = CMD_NURSE_BACK;//护士离开命令                              
 256   2                              Bus0OutputData(&(stLocalControl.stBusDealFreq.bySndSecAddr));
 257   2                              memset(TEMPIRDATA,0,6);
 258   2                              memset(IRDATA,0,6);
 259   2                          break;
 260   2              }        
 261   1      }
 262          /**********************************************************
 263          *函数名称                       :IRRecManage    
 264          *函数描述               :红外接收数据管理线程
 265          *输入参数               :
 266          *返回值                         :
 267          *全局变量                       :byMainCmdQ
 268          *调用模块                       :OSQPost
 269          ***********************************************************
 270          *创建人                 :熊坚强
 271          *创建日期                       :2011-2-16
 272          ***********************************************************
 273          *修改人                         :
 274          *修改日期               :
 275          *注释                   :
 276          **********************************************************/
 277          void IRRecManage(void)
 278          {       
 279   1              while(TRUE)
 280   1              {               
 281   2                      if(IRByteEnd)                                                                   //红外接收到数据
 282   2                      {               
 283   3                              OSQPost(byMainCmdQ, IR_REC);                            
 284   3                      }
 285   2                      OSWait(K_TMO, 1);
 286   2                      WDT_CONTR = 0x3d;
 287   2              }
 288   1      }
 289          
 290                    


MODULE INFORMATION:   STATIC OVERLAYABLE
   CODE SIZE        =    719    ----
   CONSTANT SIZE    =   ----    ----
   XDATA SIZE       =     15    ----
   PDATA SIZE       =   ----    ----
   DATA SIZE        =   ----    ----
   IDATA SIZE       =   ----    ----
   BIT SIZE         =      5    ----
END OF MODULE INFORMATION.


C51 COMPILATION COMPLETE.  0 WARNING(S),  0 ERROR(S)
