C51 COMPILER V9.00   PARAMETER                                                             03/06/2019 08:16:57 PAGE 1   


C51 COMPILER V9.00, COMPILATION OF MODULE PARAMETER
OBJECT MODULE PLACED IN parameter.OBJ
COMPILER INVOKED BY: C:\Keil\C51\BIN\C51.EXE parameter.c BROWSE DEBUG OBJECTEXTEND

line level    source

   1          #include "config.h"
   2          unsigned char code MyParameter[49]={INIT_FLAG,  //初始化标志
   3                                                                            0x01, //1-SelfSecAddr
   4                                                                            253,  //2-SelfRoomAddr
   5                                                                            0x01, //3-SelfBedAddr
   6                                                                            0xff, //4-cEnable1
   7                                                                            0xff, //5-cEnable2
   8                                                                            0x60, //6-cPrio
   9                                                                            0x0f, //7-cRingTime
  10                                                                            0x40, //8-cTalkTime
  11                                                                            0x80, //9-cBroadTime
  12                                                                            100,  //10-cListenDelay
  13                                                                            0x04, //11-cVolumStep
  14                                                                            0x3f, //12-cHDwnRingVol
  15                                                                            0x3f, //13-cHUpRingVol
  16                                                                            0x3f, //14-cCH0HDwnTalkedVol
  17                                                                            0x3f, //15-cCH1HDwnTalkedVol
  18                                                                            0x3f, //16-cCH0HUpTalkedVol
  19                                                                            0x3f, //17-cCH1HUpTalkedVol
  20                                                                            0x3f, //18-cHDwnBroadVol
  21                                                                            0x3f, //19-cHUpBroadVol
  22                                                                            0x3f, //20-cHDwnNoteVol
  23                                                                            0x3f, //21-cHUpNoteVol
  24                                                                            0x3f, //22-cHDwnMusicVol
  25                                                                            0x3f, //23-cHUpMusicVol
  26                                                                            0x3f, //24-cCH0HDwnTalkVol
  27                                                                            0x3f, //25-cCH1HDwnTalkVol
  28                                                                            0x3f, //26-cCH0HUpTalkVol
  29                                                                            0x3f, //27-cCH1HUpTalkVol
  30                                                                            0x3f, //28-cHDwnSelfRingVol
  31                                                                            0x3f, //29-cHUpSelfRingVol
  32                                                                            0x7f, //30-cMaxVol
  33                                                                            0x00, //31-cMinVol
  34                                                                            0xff, //32-cReserve1
  35                                                                            0xff, //33-cReserve2
  36                                                                            0xff, //34-cReserve3
  37                                                                            0xff, //35-cSerialNum1
  38                                                                            0xff, //36-cSerialNum2
  39                                                                            0xff, //37-cSerialNum3
  40                                                                            0x20, //38-背光关起始小时
  41                                                                            0x00, //39- 背光关起始分钟
  42                                                                            0x06, //40- 背光关结束小时
  43                                                                            0x00, //41- 背光关结束分钟
  44                                                                            0x20, //42-小音量起始小时
  45                                                                            0x00, //43-小音量起始分钟
  46                                                                            0x06, //44-小音量结束小时
  47                                                                            0x00, //45-小音量结束分钟
  48                                                                            0x03, //46-小音量值
  49                                                                            0x02, //47-cVersionHi
  50                                                                            0x01  //48-cVersionLo
  51          };
  52          
  53          
  54          
  55          
C51 COMPILER V9.00   PARAMETER                                                             03/06/2019 08:16:57 PAGE 2   

  56          


MODULE INFORMATION:   STATIC OVERLAYABLE
   CODE SIZE        =   ----    ----
   CONSTANT SIZE    =     49    ----
   XDATA SIZE       =   ----    ----
   PDATA SIZE       =   ----    ----
   DATA SIZE        =   ----    ----
   IDATA SIZE       =   ----    ----
   BIT SIZE         =   ----    ----
END OF MODULE INFORMATION.


C51 COMPILATION COMPLETE.  0 WARNING(S),  0 ERROR(S)
